<?xml version="1.0" encoding="UTF-8"?>
<!-- Generated by org.testng.reporters.JUnitXMLReporter -->
<testsuite hostname="DESKTOP-719K3UV" name="Regression Test Cycle-1" tests="2" failures="1" timestamp="12 Jun 2019 21:04:14 GMT" time="19.545" errors="0">
  <testcase name="f" time="0.179" classname="com.practice.nidhi.TestSuit.Class1">
    <failure type="java.lang.AssertionError" message="The following asserts failed:
null">
      <![CDATA[java.lang.AssertionError: The following asserts failed:
null
	at com.practice.nidhi.TestSuit.Class1.f(Class1.java:25)
... Removed 25 stack frames]]>
    </failure>
  </testcase> <!-- f -->
  <testcase name="f" time="0.117" classname="com.practice.nidhi.TestSuit.Class2"/>
</testsuite> <!-- Regression Test Cycle-1 -->
